2024-05-18T12:15:44.249+02:00  INFO 27968 --- [main] com.ecommerce.Product                    : Starting Product using Java 20.0.1 with PID 27968 (D:\Apps\Ecommerce\product\target\classes started by Ahmed in D:\Apps\Ecommerce)
2024-05-18T12:15:44.259+02:00  INFO 27968 --- [main] com.ecommerce.Product                    : No active profile set, falling back to 1 default profile: "default"
2024-05-18T12:15:44.968+02:00  INFO 27968 --- [main] .s.d.r.c.RepositoryConfigurationDelegate : Bootstrapping Spring Data JPA repositories in DEFAULT mode.
2024-05-18T12:15:45.121+02:00  INFO 27968 --- [main] .s.d.r.c.RepositoryConfigurationDelegate : Finished Spring Data repository scanning in 137 ms. Found 1 JPA repository interface.
2024-05-18T12:15:45.658+02:00  INFO 27968 --- [main] o.s.b.w.embedded.tomcat.TomcatWebServer  : Tomcat initialized with port 8082 (http)
2024-05-18T12:15:45.672+02:00  INFO 27968 --- [main] o.apache.catalina.core.StandardService   : Starting service [Tomcat]
2024-05-18T12:15:45.672+02:00  INFO 27968 --- [main] o.apache.catalina.core.StandardEngine    : Starting Servlet engine: [Apache Tomcat/10.1.20]
2024-05-18T12:15:45.735+02:00  INFO 27968 --- [main] o.a.c.c.C.[Tomcat].[localhost].[/]       : Initializing Spring embedded WebApplicationContext
2024-05-18T12:15:45.735+02:00  INFO 27968 --- [main] w.s.c.ServletWebServerApplicationContext : Root WebApplicationContext: initialization completed in 1426 ms
2024-05-18T12:15:46.004+02:00  INFO 27968 --- [main] o.hibernate.jpa.internal.util.LogHelper  : HHH000204: Processing PersistenceUnitInfo [name: default]
2024-05-18T12:15:46.086+02:00  INFO 27968 --- [main] org.hibernate.Version                    : HHH000412: Hibernate ORM core version 6.4.4.Final
2024-05-18T12:15:46.124+02:00  INFO 27968 --- [main] o.h.c.internal.RegionFactoryInitiator    : HHH000026: Second-level cache disabled
2024-05-18T12:15:46.355+02:00  INFO 27968 --- [main] o.s.o.j.p.SpringPersistenceUnitInfo      : No LoadTimeWeaver setup: ignoring JPA class transformer
2024-05-18T12:15:46.380+02:00  INFO 27968 --- [main] com.zaxxer.hikari.HikariDataSource       : HikariPool-1 - Starting...
2024-05-18T12:15:46.752+02:00  INFO 27968 --- [main] com.zaxxer.hikari.pool.HikariPool        : HikariPool-1 - Added connection ConnectionID:1 ClientConnectionId: 92c70310-0d63-4484-9e90-f89d1edcf853
2024-05-18T12:15:46.754+02:00  INFO 27968 --- [main] com.zaxxer.hikari.HikariDataSource       : HikariPool-1 - Start completed.
2024-05-18T12:15:46.782+02:00  WARN 27968 --- [main] org.hibernate.orm.deprecation            : HHH90000025: SQLServer2016Dialect does not need to be specified explicitly using 'hibernate.dialect' (remove the property setting and it will be selected by default)
2024-05-18T12:15:46.783+02:00  WARN 27968 --- [main] org.hibernate.orm.deprecation            : HHH90000026: SQLServer2016Dialect has been deprecated; use org.hibernate.dialect.SQLServerDialect instead
2024-05-18T12:15:47.744+02:00  INFO 27968 --- [main] o.h.e.t.j.p.i.JtaPlatformInitiator       : HHH000489: No JTA platform available (set 'hibernate.transaction.jta.platform' to enable JTA platform integration)
2024-05-18T12:15:48.256+02:00  INFO 27968 --- [main] j.LocalContainerEntityManagerFactoryBean : Initialized JPA EntityManagerFactory for persistence unit 'default'
2024-05-18T12:15:48.692+02:00  WARN 27968 --- [main] JpaBaseConfiguration$JpaWebConfiguration : spring.jpa.open-in-view is enabled by default. Therefore, database queries may be performed during view rendering. Explicitly configure spring.jpa.open-in-view to disable this warning
2024-05-18T12:15:49.048+02:00  INFO 27968 --- [main] o.s.b.w.embedded.tomcat.TomcatWebServer  : Tomcat started on port 8082 (http) with context path ''
2024-05-18T12:15:49.057+02:00  INFO 27968 --- [main] com.ecommerce.Product                    : Started Product in 5.246 seconds (process running for 7.928)
2024-05-18T12:16:19.005+02:00  INFO 27968 --- [http-nio-8082-exec-1] o.a.c.c.C.[Tomcat].[localhost].[/]       : Initializing Spring DispatcherServlet 'dispatcherServlet'
2024-05-18T12:16:19.005+02:00  INFO 27968 --- [http-nio-8082-exec-1] o.s.web.servlet.DispatcherServlet        : Initializing Servlet 'dispatcherServlet'
2024-05-18T12:16:19.006+02:00  INFO 27968 --- [http-nio-8082-exec-1] o.s.web.servlet.DispatcherServlet        : Completed initialization in 1 ms
2024-05-18T12:50:11.056+02:00  WARN 27968 --- [http-nio-8082-exec-6] .w.s.m.s.DefaultHandlerExceptionResolver : Resolved [org.springframework.web.method.annotation.MethodArgumentTypeMismatchException: Failed to convert value of type 'java.lang.String' to required type 'java.lang.Long'; For input string: "alll"]
2024-05-18T12:50:13.466+02:00  WARN 27968 --- [http-nio-8082-exec-7] .w.s.m.s.DefaultHandlerExceptionResolver : Resolved [org.springframework.web.method.annotation.MethodArgumentTypeMismatchException: Failed to convert value of type 'java.lang.String' to required type 'java.lang.Long'; For input string: "alll"]
2024-05-18T13:42:53.534+02:00  INFO 27968 --- [SpringApplicationShutdownHook] j.LocalContainerEntityManagerFactoryBean : Closing JPA EntityManagerFactory for persistence unit 'default'
2024-05-18T13:42:53.538+02:00  INFO 27968 --- [SpringApplicationShutdownHook] com.zaxxer.hikari.HikariDataSource       : HikariPool-1 - Shutdown initiated...
2024-05-18T13:42:53.541+02:00  INFO 27968 --- [SpringApplicationShutdownHook] com.zaxxer.hikari.HikariDataSource       : HikariPool-1 - Shutdown completed.
2024-05-18T18:18:57.178+02:00  INFO 20900 --- [main] com.ecommerce.Product                    : Starting Product using Java 20.0.1 with PID 20900 (D:\Apps\Ecommerce\product\target\classes started by Ahmed in D:\Apps\Ecommerce)
2024-05-18T18:18:57.210+02:00  INFO 20900 --- [main] com.ecommerce.Product                    : No active profile set, falling back to 1 default profile: "default"
2024-05-18T18:18:57.895+02:00  INFO 20900 --- [main] .s.d.r.c.RepositoryConfigurationDelegate : Bootstrapping Spring Data JPA repositories in DEFAULT mode.
2024-05-18T18:18:58.062+02:00  INFO 20900 --- [main] .s.d.r.c.RepositoryConfigurationDelegate : Finished Spring Data repository scanning in 152 ms. Found 1 JPA repository interface.
2024-05-18T18:18:58.560+02:00  INFO 20900 --- [main] o.s.b.w.embedded.tomcat.TomcatWebServer  : Tomcat initialized with port 8082 (http)
2024-05-18T18:18:58.571+02:00  INFO 20900 --- [main] o.apache.catalina.core.StandardService   : Starting service [Tomcat]
2024-05-18T18:18:58.571+02:00  INFO 20900 --- [main] o.apache.catalina.core.StandardEngine    : Starting Servlet engine: [Apache Tomcat/10.1.20]
2024-05-18T18:18:58.628+02:00  INFO 20900 --- [main] o.a.c.c.C.[Tomcat].[localhost].[/]       : Initializing Spring embedded WebApplicationContext
2024-05-18T18:18:58.629+02:00  INFO 20900 --- [main] w.s.c.ServletWebServerApplicationContext : Root WebApplicationContext: initialization completed in 1371 ms
2024-05-18T18:18:58.900+02:00  INFO 20900 --- [main] o.hibernate.jpa.internal.util.LogHelper  : HHH000204: Processing PersistenceUnitInfo [name: default]
2024-05-18T18:18:58.980+02:00  INFO 20900 --- [main] org.hibernate.Version                    : HHH000412: Hibernate ORM core version 6.4.4.Final
2024-05-18T18:18:59.017+02:00  INFO 20900 --- [main] o.h.c.internal.RegionFactoryInitiator    : HHH000026: Second-level cache disabled
2024-05-18T18:18:59.252+02:00  INFO 20900 --- [main] o.s.o.j.p.SpringPersistenceUnitInfo      : No LoadTimeWeaver setup: ignoring JPA class transformer
2024-05-18T18:18:59.282+02:00  INFO 20900 --- [main] com.zaxxer.hikari.HikariDataSource       : HikariPool-1 - Starting...
2024-05-18T18:18:59.646+02:00  INFO 20900 --- [main] com.zaxxer.hikari.pool.HikariPool        : HikariPool-1 - Added connection ConnectionID:1 ClientConnectionId: 561cbd9b-b344-4202-8645-3b05e1601949
2024-05-18T18:18:59.647+02:00  INFO 20900 --- [main] com.zaxxer.hikari.HikariDataSource       : HikariPool-1 - Start completed.
2024-05-18T18:18:59.670+02:00  WARN 20900 --- [main] org.hibernate.orm.deprecation            : HHH90000025: SQLServer2016Dialect does not need to be specified explicitly using 'hibernate.dialect' (remove the property setting and it will be selected by default)
2024-05-18T18:18:59.671+02:00  WARN 20900 --- [main] org.hibernate.orm.deprecation            : HHH90000026: SQLServer2016Dialect has been deprecated; use org.hibernate.dialect.SQLServerDialect instead
2024-05-18T18:19:00.629+02:00  INFO 20900 --- [main] o.h.e.t.j.p.i.JtaPlatformInitiator       : HHH000489: No JTA platform available (set 'hibernate.transaction.jta.platform' to enable JTA platform integration)
2024-05-18T18:19:01.047+02:00  INFO 20900 --- [main] j.LocalContainerEntityManagerFactoryBean : Initialized JPA EntityManagerFactory for persistence unit 'default'
2024-05-18T18:19:01.495+02:00  WARN 20900 --- [main] JpaBaseConfiguration$JpaWebConfiguration : spring.jpa.open-in-view is enabled by default. Therefore, database queries may be performed during view rendering. Explicitly configure spring.jpa.open-in-view to disable this warning
2024-05-18T18:19:01.876+02:00  INFO 20900 --- [main] o.s.b.w.embedded.tomcat.TomcatWebServer  : Tomcat started on port 8082 (http) with context path ''
2024-05-18T18:19:01.883+02:00  INFO 20900 --- [main] com.ecommerce.Product                    : Started Product in 5.102 seconds (process running for 7.99)
2024-05-18T18:19:09.658+02:00  INFO 20900 --- [http-nio-8082-exec-1] o.a.c.c.C.[Tomcat].[localhost].[/]       : Initializing Spring DispatcherServlet 'dispatcherServlet'
2024-05-18T18:19:09.658+02:00  INFO 20900 --- [http-nio-8082-exec-1] o.s.web.servlet.DispatcherServlet        : Initializing Servlet 'dispatcherServlet'
2024-05-18T18:19:09.659+02:00  INFO 20900 --- [http-nio-8082-exec-1] o.s.web.servlet.DispatcherServlet        : Completed initialization in 1 ms
2024-05-18T21:44:54.515+02:00  INFO 20900 --- [SpringApplicationShutdownHook] j.LocalContainerEntityManagerFactoryBean : Closing JPA EntityManagerFactory for persistence unit 'default'
2024-05-18T21:44:54.521+02:00  INFO 20900 --- [SpringApplicationShutdownHook] com.zaxxer.hikari.HikariDataSource       : HikariPool-1 - Shutdown initiated...
2024-05-18T21:44:54.524+02:00  INFO 20900 --- [SpringApplicationShutdownHook] com.zaxxer.hikari.HikariDataSource       : HikariPool-1 - Shutdown completed.
